Added Component: Designator=C1(CAP 2.5*5*11)
Add component (AddParameter): Name = "BOM名称"; Value = "直插电解电容"; VariantName = "[No Variations]"
Add component (AddParameter): Name = "下单链接"; Value = "https://item.taobao.com/item.htm?ft=t&id=613637044352"; VariantName = "[No Variations]"
Add component (AddParameter): Name = "淘宝ID"; Value = "小糖豆的小窝窝"; VariantName = "[No Variations]"
Added Component: Designator=C2(CC 1.8*3.6)
Add component (AddParameter): Name = "BOM名称"; Value = "瓷片电容"; VariantName = "[No Variations]"
Add component (AddParameter): Name = "下单链接"; Value = "https://item.taobao.com/item.htm?ft=t&id=613637044352"; VariantName = "[No Variations]"
Add component (AddParameter): Name = "淘宝ID"; Value = "小糖豆的小窝窝"; VariantName = "[No Variations]"
Added Component: Designator=C3(CC 1.8*3.6)
Add component (AddParameter): Name = "BOM名称"; Value = "瓷片电容"; VariantName = "[No Variations]"
Add component (AddParameter): Name = "下单链接"; Value = "https://item.taobao.com/item.htm?ft=t&id=613637044352"; VariantName = "[No Variations]"
Add component (AddParameter): Name = "淘宝ID"; Value = "小糖豆的小窝窝"; VariantName = "[No Variations]"
Added Component: Designator=K1(TSW DIP-6*6*5)
Add component (AddParameter): Name = "BOM名称"; Value = "四角直插开关"; VariantName = "[No Variations]"
Add component (AddParameter): Name = "下单链接"; Value = "https://item.taobao.com/item.htm?ft=t&id=613637044352"; VariantName = "[No Variations]"
Add component (AddParameter): Name = "淘宝ID"; Value = "小糖豆的小窝窝"; VariantName = "[No Variations]"
Added Component: Designator=K2(TSW DIP-6*6*5)
Add component (AddParameter): Name = "BOM名称"; Value = "四角直插开关"; VariantName = "[No Variations]"
Add component (AddParameter): Name = "下单链接"; Value = "https://item.taobao.com/item.htm?ft=t&id=613637044352"; VariantName = "[No Variations]"
Add component (AddParameter): Name = "淘宝ID"; Value = "小糖豆的小窝窝"; VariantName = "[No Variations]"
Added Component: Designator=K3(TSW DIP-6*6*5)
Add component (AddParameter): Name = "BOM名称"; Value = "四角直插开关"; VariantName = "[No Variations]"
Add component (AddParameter): Name = "下单链接"; Value = "https://item.taobao.com/item.htm?ft=t&id=613637044352"; VariantName = "[No Variations]"
Add component (AddParameter): Name = "淘宝ID"; Value = "小糖豆的小窝窝"; VariantName = "[No Variations]"
Added Component: Designator=K4(TSW DIP-6*6*5)
Add component (AddParameter): Name = "BOM名称"; Value = "四角直插开关"; VariantName = "[No Variations]"
Add component (AddParameter): Name = "下单链接"; Value = "https://item.taobao.com/item.htm?ft=t&id=613637044352"; VariantName = "[No Variations]"
Add component (AddParameter): Name = "淘宝ID"; Value = "小糖豆的小窝窝"; VariantName = "[No Variations]"
Added Component: Designator=K5(TSW DIP-6*6*5)
Add component (AddParameter): Name = "BOM名称"; Value = "四角直插开关"; VariantName = "[No Variations]"
Add component (AddParameter): Name = "下单链接"; Value = "https://item.taobao.com/item.htm?ft=t&id=613637044352"; VariantName = "[No Variations]"
Add component (AddParameter): Name = "淘宝ID"; Value = "小糖豆的小窝窝"; VariantName = "[No Variations]"
Added Component: Designator=K6(TSW DIP-6*6*5)
Add component (AddParameter): Name = "BOM名称"; Value = "四角直插开关"; VariantName = "[No Variations]"
Add component (AddParameter): Name = "下单链接"; Value = "https://item.taobao.com/item.htm?ft=t&id=613637044352"; VariantName = "[No Variations]"
Add component (AddParameter): Name = "淘宝ID"; Value = "小糖豆的小窝窝"; VariantName = "[No Variations]"
Added Component: Designator=K7(TSW DIP-6*6*5)
Add component (AddParameter): Name = "BOM名称"; Value = "四角直插开关"; VariantName = "[No Variations]"
Add component (AddParameter): Name = "下单链接"; Value = "https://item.taobao.com/item.htm?ft=t&id=613637044352"; VariantName = "[No Variations]"
Add component (AddParameter): Name = "淘宝ID"; Value = "小糖豆的小窝窝"; VariantName = "[No Variations]"
Added Component: Designator=K8(TSW DIP-6*6*5)
Add component (AddParameter): Name = "BOM名称"; Value = "四角直插开关"; VariantName = "[No Variations]"
Add component (AddParameter): Name = "下单链接"; Value = "https://item.taobao.com/item.htm?ft=t&id=613637044352"; VariantName = "[No Variations]"
Add component (AddParameter): Name = "淘宝ID"; Value = "小糖豆的小窝窝"; VariantName = "[No Variations]"
Added Component: Designator=K9(TSW DIP-6*6*5)
Add component (AddParameter): Name = "BOM名称"; Value = "四角直插开关"; VariantName = "[No Variations]"
Add component (AddParameter): Name = "下单链接"; Value = "https://item.taobao.com/item.htm?ft=t&id=613637044352"; VariantName = "[No Variations]"
Add component (AddParameter): Name = "淘宝ID"; Value = "小糖豆的小窝窝"; VariantName = "[No Variations]"
Added Component: Designator=K10(TSW DIP-6*6*5)
Add component (AddParameter): Name = "BOM名称"; Value = "四角直插开关"; VariantName = "[No Variations]"
Add component (AddParameter): Name = "下单链接"; Value = "https://item.taobao.com/item.htm?ft=t&id=613637044352"; VariantName = "[No Variations]"
Add component (AddParameter): Name = "淘宝ID"; Value = "小糖豆的小窝窝"; VariantName = "[No Variations]"
Added Component: Designator=LCD1(LCD-1602)
Add component (AddParameter): Name = "BOM名称"; Value = "LCD 1602"; VariantName = "[No Variations]"
Add component (AddParameter): Name = "下单链接"; Value = "https://item.taobao.com/item.htm?ft=t&id=613637044352"; VariantName = "[No Variations]"
Add component (AddParameter): Name = "淘宝ID"; Value = "小糖豆的小窝窝"; VariantName = "[No Variations]"
Added Component: Designator=LS1(BEEP 5x9x5.5)
Add component (AddParameter): Name = "BOM名称"; Value = "蜂鸣器"; VariantName = "[No Variations]"
Add component (AddParameter): Name = "下单链接"; Value = "https://item.taobao.com/item.htm?ft=t&id=613637044352"; VariantName = "[No Variations]"
Add component (AddParameter): Name = "淘宝ID"; Value = "小糖豆的小窝窝"; VariantName = "[No Variations]"
Added Component: Designator=P1(HDR1X4)
Add component (AddParameter): Name = "LatestRevisionDate"; Value = "17-Jul-2002"; VariantName = "[No Variations]"
Add component (AddParameter): Name = "LatestRevisionNote"; Value = "Re-released for DXP Platform."; VariantName = "[No Variations]"
Add component (AddParameter): Name = "Publisher"; Value = "Altium Limited"; VariantName = "[No Variations]"
Added Component: Designator=P2(HDR1X2)
Add component (AddParameter): Name = "LatestRevisionDate"; Value = "17-Jul-2002"; VariantName = "[No Variations]"
Add component (AddParameter): Name = "LatestRevisionNote"; Value = "Re-released for DXP Platform."; VariantName = "[No Variations]"
Add component (AddParameter): Name = "Publisher"; Value = "Altium Limited"; VariantName = "[No Variations]"
Added Component: Designator=Q1(TO92A)
Add component (AddParameter): Name = "BOM名称"; Value = "低频放大-NPN型"; VariantName = "[No Variations]"
Add component (AddParameter): Name = "下单链接"; Value = "https://item.taobao.com/item.htm?ft=t&id=613637044352"; VariantName = "[No Variations]"
Add component (AddParameter): Name = "淘宝ID"; Value = "小糖豆的小窝窝"; VariantName = "[No Variations]"
Added Component: Designator=R1(RS 1/4W)
Add component (AddParameter): Name = "BOM名称"; Value = "色环电阻"; VariantName = "[No Variations]"
Add component (AddParameter): Name = "下单链接"; Value = "https://item.taobao.com/item.htm?ft=t&id=613637044352"; VariantName = "[No Variations]"
Add component (AddParameter): Name = "淘宝ID"; Value = "小糖豆的小窝窝"; VariantName = "[No Variations]"
Added Component: Designator=R2(RS 1/4W)
Add component (AddParameter): Name = "BOM名称"; Value = "色环电阻"; VariantName = "[No Variations]"
Add component (AddParameter): Name = "下单链接"; Value = "https://item.taobao.com/item.htm?ft=t&id=613637044352"; VariantName = "[No Variations]"
Add component (AddParameter): Name = "淘宝ID"; Value = "小糖豆的小窝窝"; VariantName = "[No Variations]"
Added Component: Designator=RP1(WH148-2-G15)
Add component (AddParameter): Name = "BOM名称"; Value = "双联电位器"; VariantName = "[No Variations]"
Add component (AddParameter): Name = "下单链接"; Value = "https://item.taobao.com/item.htm?ft=t&id=613637044352"; VariantName = "[No Variations]"
Add component (AddParameter): Name = "淘宝ID"; Value = "小糖豆的小窝窝"; VariantName = "[No Variations]"
Added Component: Designator=U1(DIP40-600)
Add component (AddParameter): Name = "Alias1"; Value = "https://item.taobao.com/item.htm?ft=t&id=613637044352"; VariantName = "[No Variations]"
Add component (AddParameter): Name = "BOM名称"; Value = "STC单片机"; VariantName = "[No Variations]"
Add component (AddParameter): Name = "淘宝ID"; Value = "小糖豆的小窝窝"; VariantName = "[No Variations]"
Added Component: Designator=X1(OSC HC-49S)
Add component (AddParameter): Name = "BOM名称"; Value = "2脚无源脚晶振"; VariantName = "[No Variations]"
Add component (AddParameter): Name = "下单链接"; Value = "https://item.taobao.com/item.htm?ft=t&id=613637044352"; VariantName = "[No Variations]"
Add component (AddParameter): Name = "淘宝ID"; Value = "小糖豆的小窝窝"; VariantName = "[No Variations]"
Added Pin To Net: NetName=GND Pin=C2-1
Added Pin To Net: NetName=GND Pin=C3-1
Added Pin To Net: NetName=GND Pin=K1-1
Added Pin To Net: NetName=GND Pin=K2-1
Added Pin To Net: NetName=GND Pin=K3-1
Added Pin To Net: NetName=GND Pin=K5-1
Added Pin To Net: NetName=GND Pin=K6-1
Added Pin To Net: NetName=GND Pin=K7-1
Added Pin To Net: NetName=GND Pin=K8-1
Added Pin To Net: NetName=GND Pin=K9-1
Added Pin To Net: NetName=GND Pin=K10-1
Added Pin To Net: NetName=GND Pin=LCD1-1
Added Pin To Net: NetName=GND Pin=LCD1-5
Added Pin To Net: NetName=GND Pin=LCD1-16
Added Pin To Net: NetName=GND Pin=LS1-2
Added Pin To Net: NetName=GND Pin=P1-4
Added Pin To Net: NetName=GND Pin=P2-2
Added Pin To Net: NetName=GND Pin=R1-1
Added Pin To Net: NetName=GND Pin=RP1-3
Added Pin To Net: NetName=GND Pin=U1-20
Added Net: Name=GND
Added Pin To Net: NetName=NetC1_2 Pin=C1-2
Added Pin To Net: NetName=NetC1_2 Pin=K4-1
Added Pin To Net: NetName=NetC1_2 Pin=R1-2
Added Pin To Net: NetName=NetC1_2 Pin=U1-9
Added Net: Name=NetC1_2
Added Pin To Net: NetName=NetC2_2 Pin=C2-2
Added Pin To Net: NetName=NetC2_2 Pin=U1-18
Added Pin To Net: NetName=NetC2_2 Pin=X1-2
Added Net: Name=NetC2_2
Added Pin To Net: NetName=NetC3_2 Pin=C3-2
Added Pin To Net: NetName=NetC3_2 Pin=U1-19
Added Pin To Net: NetName=NetC3_2 Pin=X1-1
Added Net: Name=NetC3_2
Added Pin To Net: NetName=NetLCD1_3 Pin=LCD1-3
Added Pin To Net: NetName=NetLCD1_3 Pin=RP1-2
Added Net: Name=NetLCD1_3
Added Pin To Net: NetName=NetLS1_1 Pin=LS1-1
Added Pin To Net: NetName=NetLS1_1 Pin=Q1-1
Added Net: Name=NetLS1_1
Added Pin To Net: NetName=NetQ1_2 Pin=Q1-2
Added Pin To Net: NetName=NetQ1_2 Pin=R2-1
Added Net: Name=NetQ1_2
Added Pin To Net: NetName=NetR2_2 Pin=R2-2
Added Pin To Net: NetName=NetR2_2 Pin=U1-21
Added Net: Name=NetR2_2
Added Pin To Net: NetName=P0.0 Pin=LCD1-7
Added Pin To Net: NetName=P0.0 Pin=U1-39
Added Net: Name=P0.0
Added Pin To Net: NetName=P0.1 Pin=LCD1-8
Added Pin To Net: NetName=P0.1 Pin=U1-38
Added Net: Name=P0.1
Added Pin To Net: NetName=P0.2 Pin=LCD1-9
Added Pin To Net: NetName=P0.2 Pin=U1-37
Added Net: Name=P0.2
Added Pin To Net: NetName=P0.3 Pin=LCD1-10
Added Pin To Net: NetName=P0.3 Pin=U1-36
Added Net: Name=P0.3
Added Pin To Net: NetName=P0.4 Pin=LCD1-11
Added Pin To Net: NetName=P0.4 Pin=U1-35
Added Net: Name=P0.4
Added Pin To Net: NetName=P0.5 Pin=LCD1-12
Added Pin To Net: NetName=P0.5 Pin=U1-34
Added Net: Name=P0.5
Added Pin To Net: NetName=P0.6 Pin=LCD1-13
Added Pin To Net: NetName=P0.6 Pin=U1-33
Added Net: Name=P0.6
Added Pin To Net: NetName=P0.7 Pin=LCD1-14
Added Pin To Net: NetName=P0.7 Pin=U1-32
Added Net: Name=P0.7
Added Pin To Net: NetName=P1.0 Pin=K1-2
Added Net: Name=P1.0
Added Pin To Net: NetName=P1.1 Pin=K2-2
Added Net: Name=P1.1
Added Pin To Net: NetName=P1.2 Pin=K3-2
Added Net: Name=P1.2
Added Pin To Net: NetName=P1.3 Pin=K5-2
Added Net: Name=P1.3
Added Pin To Net: NetName=P1.5 Pin=K9-2
Added Net: Name=P1.5
Added Pin To Net: NetName=P1.6 Pin=K10-2
Added Net: Name=P1.6
Added Pin To Net: NetName=P2.5 Pin=LCD1-6
Added Pin To Net: NetName=P2.5 Pin=U1-26
Added Net: Name=P2.5
Added Pin To Net: NetName=P2.7 Pin=LCD1-4
Added Pin To Net: NetName=P2.7 Pin=U1-28
Added Net: Name=P2.7
Added Pin To Net: NetName=P3.2 Pin=K6-2
Added Net: Name=P3.2
Added Pin To Net: NetName=P3.3 Pin=K7-2
Added Net: Name=P3.3
Added Pin To Net: NetName=P3.4 Pin=K8-2
Added Net: Name=P3.4
Added Pin To Net: NetName=RX Pin=P1-2
Added Pin To Net: NetName=RX Pin=U1-10
Added Net: Name=RX
Added Pin To Net: NetName=TX Pin=P1-3
Added Pin To Net: NetName=TX Pin=U1-11
Added Net: Name=TX
Added Pin To Net: NetName=VCC Pin=C1-1
Added Pin To Net: NetName=VCC Pin=K4-2
Added Pin To Net: NetName=VCC Pin=LCD1-2
Added Pin To Net: NetName=VCC Pin=LCD1-15
Added Pin To Net: NetName=VCC Pin=P1-1
Added Pin To Net: NetName=VCC Pin=P2-1
Added Pin To Net: NetName=VCC Pin=Q1-3
Added Pin To Net: NetName=VCC Pin=U1-31
Added Pin To Net: NetName=VCC Pin=U1-40
Added Net: Name=VCC
Added Class: Name=Sheet1
Added Room: Name=Sheet1
