C51 COMPILER V9.60.0.0   001                                                               12/14/2021 20:59:07 PAGE 1   


C51 COMPILER V9.60.0.0, COMPILATION OF MODULE 001
OBJECT MODULE PLACED IN 001.OBJ
COMPILER INVOKED BY: D:\Keil\C51\BIN\C51.EXE 001.c OPTIMIZE(8,SPEED) DEBUG OBJECTEXTEND TABS(2)

line level    source

   1          #include<reg51.h>//51单片机头文件
   2          typedef unsigned char uchar;
   3          typedef unsigned int  uint;
   4          sbit K1=P3^2;//比赛倒计时开始/暂停
   5          sbit K2=P3^3;//24s倒计时重新开始
   6          sbit K3=P1^3;//乙队+1按键
   7          sbit K4=P1^2;//乙队+2按键
   8          sbit K5=P1^1;//甲队+1按键
   9          sbit K6=P1^0;//甲队+2按键
  10          sbit K7=P1^5;//甲队+3按键
  11          sbit K8=P1^6;//乙队+3按键
  12          sbit K9=P1^4;//预留按键
  13          sbit beep=P2^0;//蜂鸣器接口  
  14          sbit RS=P2^7;
  15          sbit E=P2^5;
  16          char miao,fen,num,time,aa;
  17          uchar bb,cc;
  18          uchar code table1[]={"H.T 000:000 R.T "};
  19          uchar code table2[]={"12:00  SEC-1  24"};
  20          //延时子函数
  21          void delay(uint z)  
  22          {
  23   1        uint x;
  24   1        uchar y;
  25   1        for(x=z;x>0;x--)
  26   1            for(y=110;y>0;y--);
  27   1      }
  28          //LCD1602液晶写指令子函数
  29          void write_com(uchar com)
  30          {
  31   1        RS=0;
  32   1        P0=com;
  33   1        delay(5);
  34   1        E=1;
  35   1        delay(5);
  36   1        E=0;
  37   1      }
  38          //LCD1602液晶写数据子函数
  39          void write_date(uchar date)
  40          {
  41   1        RS=1;
  42   1        P0=date;
  43   1        delay(5);
  44   1        E=1;
  45   1        delay(5);
  46   1        E=0;
  47   1      }
  48          //LCD1602液晶初始化子函数
  49          void LCD1602_init()
  50          {
  51   1        uchar i;
  52   1        bb=0;    //H.T分数初始化
  53   1        cc=0;    //R.T分数初始化
  54   1        time=0;
  55   1        TMOD=0x10;    //定时器1初始化
C51 COMPILER V9.60.0.0   001                                                               12/14/2021 20:59:07 PAGE 2   

  56   1        TL1=0x00;
  57   1        TH1=0x4c;
  58   1        EA=1;     //开总中断
  59   1        ET1=1;     //开定时器1
  60   1        TR1=0;     //定时器1不工作
  61   1        EX0=1;     //开中断0
  62   1        EX1=1;     //开中断1
  63   1        IT0=1;     //中断0为边沿触发
  64   1        IT1=1;     //中断1为边沿触发
  65   1        E=0; 
  66   1        beep=0;
  67   1        miao=0;
  68   1        fen=12;
  69   1        num=1;
  70   1        aa=24;
  71   1        write_com(0x38);  //LCD设置初始化
  72   1        write_com(0x0c);
  73   1        write_com(0x06);
  74   1        write_com(0x01);
  75   1        write_com(0x80);  //LCD显示初始化
  76   1        for(i=0;i<16;i++)
  77   1        {
  78   2            write_date(table1[i]);
  79   2        }
  80   1        write_com(0x80+0x40);
  81   1        for(i=0;i<16;i++)
  82   1        {
  83   2            write_date(table2[i]);
  84   2        }
  85   1      }
  86          //分数更新子函数
  87          void point_lcd(uchar add,uchar dat)
  88          {
  89   1        write_com(0x80+add);
  90   1        write_date(0x30+dat/100);
  91   1        write_date(0x30+(dat%100)/10);
  92   1        write_date(0x30+dat%10);
  93   1        write_com(0x80+add);
  94   1      }
  95          //按键扫描子函数
  96          void keyscan()
  97          {
  98   1        if(K3==0)     //K3按下H.T分数加一
  99   1        {
 100   2            while(K3==0);
 101   2          bb++;
 102   2            point_lcd(0x04,bb);  //分数显示更新
 103   2            if(K3==0)    //松手检测
 104   2            {
 105   3              while(K3==0);
 106   3              delay(20);
 107   3            }
 108   2        }
 109   1        else if(K4==0)    //S4按下H.T分数加二
 110   1        {
 111   2            while(K4==0);
 112   2          bb=bb+2;
 113   2            point_lcd(0x04,bb);
 114   2            if(K4==0)
 115   2            {
 116   3              while(K4==0);
 117   3              delay(20);
C51 COMPILER V9.60.0.0   001                                                               12/14/2021 20:59:07 PAGE 3   

 118   3            }
 119   2        }
 120   1        else if(K7==0)    //S4按下H.T分数加二
 121   1        {
 122   2            while(K7==0);
 123   2          bb=bb+3;
 124   2            point_lcd(0x04,bb);
 125   2            if(K7==0)
 126   2            {
 127   3              while(K7==0);
 128   3              delay(20);
 129   3            }
 130   2        }
 131   1        else if(K5==0)    //S5按下R.T分数加一
 132   1        {
 133   2            while(K5==0);
 134   2          cc++;
 135   2            point_lcd(0x08,cc);
 136   2            if(K5==0)
 137   2            {
 138   3              while(K5==0);
 139   3              delay(20);
 140   3            }
 141   2        }
 142   1        else if(K6==0)    //S6按下R.T分数加2
 143   1        {
 144   2            while(K6==0);
 145   2          cc=cc+2;
 146   2            point_lcd(0x08,cc);
 147   2            if(K6==0)
 148   2            {
 149   3              while(K6==0);
 150   3              delay(20);
 151   3            }
 152   2        }
 153   1        else if(K8==0)    //S6按下R.T分数加2
 154   1        {
 155   2            while(K8==0);
 156   2          cc=cc+3;
 157   2            point_lcd(0x08,cc);
 158   2            if(K8==0)
 159   2            {
 160   3              while(K8==0);
 161   3              delay(20);
 162   3            }
 163   2        }
 164   1      }
 165          //比赛倒计时/24s倒计时
 166          void counter_down()
 167          {
 168   1        uchar i;
 169   1        if(time>=20)     //每1s倒计时做减一操作
 170   1        {
 171   2            miao--;
 172   2            aa--;
 173   2            write_com(0x80+0x4e);  //24s倒计时显示
 174   2            write_date(0x30+aa/10);
 175   2            write_date(0x30+aa%10);
 176   2          write_com(0x80+0x4e);
 177   2            if(aa==0)    //24s结束发出3s连续报警
 178   2            {
 179   3              beep=1;
C51 COMPILER V9.60.0.0   001                                                               12/14/2021 20:59:07 PAGE 4   

 180   3              delay(3000);
 181   3              beep=0;
 182   3              aa=24;
 183   3            }
 184   2            if((miao==0)&&(fen==0))  //检测一节比赛是否结束
 185   2            {
 186   3              TR1=0;     //定时器1暂停
 187   3              write_com(0x80+0x44);
 188   3              write_date(0x30);
 189   3              num++;
 190   3              aa=24;    //24s计时复位
 191   3              write_com(0x80+0x4e);  //24s倒计时显示
 192   3              write_date(0x30+aa/10);
 193   3              write_date(0x30+aa%10);
 194   3            write_com(0x80+0x4e);
 195   3              if(num<5)    //每节结束蜂鸣器发出8s的间断报警
 196   3              {
 197   4                for(i=80;i>0;i--)
 198   4                {
 199   5                  beep=1;
 200   5                  delay(500);
 201   5                  beep=0;
 202   5                  delay(500);
 203   5                }
 204   4              }
 205   3              if(num==5)    //终场结束，蜂鸣器发出10s的连续警报声
 206   3              {
 207   4                beep=1;
 208   4                delay(10000);
 209   4                num=0;
 210   4              } 
 211   3              beep=0;     //蜂鸣器关闭
 212   3            write_com(0x80+0x4b); //更新"SEC-?"
 213   3            write_date(0x30+num);
 214   3            write_com(0x80+0x4b);
 215   3            miao=0;     //倒计时复位
 216   3            fen=12;
 217   3            }
 218   2            if(miao==-1)
 219   2            {
 220   3              miao=59;
 221   3              fen--;
 222   3            }
 223   2            write_com(0x80+0x40);  //更新倒计时显示
 224   2            write_date(0x30+fen/10);
 225   2            write_date(0x30+fen%10);
 226   2            write_com(0x80+0x43);
 227   2            write_date(0x30+miao/10);
 228   2            write_date(0x30+miao%10);
 229   2          write_com(0x80+0x43);
 230   2            time=0;
 231   2        }
 232   1      }
 233          //主函数
 234          void main()
 235          {
 236   1        LCD1602_init();
 237   1        while(1)
 238   1        {
 239   2            keyscan();  //分数按键检测
 240   2        }
 241   1      }
C51 COMPILER V9.60.0.0   001                                                               12/14/2021 20:59:07 PAGE 5   

 242          //外部0中断子函数
 243          void wb0() interrupt 0  //比赛时间开始/暂停
 244          {
 245   1        TR1=~TR1;     //定时器1工作/暂停
 246   1        if(TR1==1)  //当倒计时工作时，S1按下定时器立即停止工作
 247   1        {
 248   2            PT1=0;
 249   2        }
 250   1        else   //倒计时不工作时，S1按下倒计时立即工作
 251   1        {
 252   2            PT1=1;
 253   2        }
 254   1        if(K1==0)     //松手检测
 255   1        {
 256   2            while(K1==0);
 257   2            counter_down();
 258   2          //  delay(20);
 259   2        }
 260   1      }
 261          //外部1中断子函数
 262          void wb1() interrupt 2   //24s倒计时重新开始
 263          {
 264   1        aa=24;
 265   1        write_com(0x80+0x4e);   //24s倒计时显示
 266   1        write_date(0x30+aa/10);
 267   1        write_date(0x30+aa%10);
 268   1        write_com(0x80+0x4e);
 269   1        if(K2==0)      //松手检测
 270   1        {
 271   2            while(K2==0)
 272   2            {
 273   3              counter_down();
 274   3            }
 275   2            delay(20);
 276   2        }
 277   1      }
 278          //定时器1中断子函数
 279          void t1() interrupt 3   //定时器1中断20次为1s
 280          {
 281   1        time++;
 282   1        TL1=0x00;
 283   1        TH1=0x4c;
 284   1        counter_down();     //倒计时 
 285   1      }
 286          
 287          
 288          


MODULE INFORMATION:   STATIC OVERLAYABLE
   CODE SIZE        =    941    ----
   CONSTANT SIZE    =     34    ----
   XDATA SIZE       =   ----    ----
   PDATA SIZE       =   ----    ----
   DATA SIZE        =      7    ----
   IDATA SIZE       =   ----    ----
   BIT SIZE         =   ----    ----
END OF MODULE INFORMATION.


C51 COMPILATION COMPLETE.  0 WARNING(S),  0 ERROR(S)
