C51 COMPILER V9.60.0.0   MAIN                                                              12/13/2021 23:24:12 PAGE 1   


C51 COMPILER V9.60.0.0, COMPILATION OF MODULE MAIN
OBJECT MODULE PLACED IN .\Obj\main.obj
COMPILER INVOKED BY: D:\Keil\C51\BIN\C51.EXE User\main.c OPTIMIZE(8,SPEED) BROWSE INCDIR(.\App\24c02;.\App\iic;.\App\key
                    -;.\App\smg;.\Public;.\App\ds18b20;.\App\ds1302;.\App\ired;.\App\time;.\App\xpt2046;.\App\pwm;.\App\lcd1602) DEBUG OBJECT
                    -EXTEND PRINT(.\Obj\main.lst) TABS(2) OBJECT(.\Obj\main.obj)

line level    source

   1          /**************************************************************************************
   2          深圳市普中科技有限公司（PRECHIN 普中）
   3          技术支持：www.prechin.net
   4          
   5          实验名称：LCD1602液晶显示实验
   6          接线说明：  
   7          实验现象：下载程序后，LCD1602上显示字符信息
   8          注意事项：                                          
   9          ***************************************************************************************/
  10          #include "public.h"
  11          #include "lcd1602.h"
  12          
  13          
  14          /*******************************************************************************
  15          * 函 数 名       : main
  16          * 函数功能     : 主函数
  17          * 输    入       : 无
  18          * 输    出       : 无
  19          *******************************************************************************/
  20          void main()
  21          { 
  22   1        lcd1602_init();//LCD1602初始化
  23   1        lcd1602_show_string(0,0,"Hello World!");//第一行显示
  24   1        lcd1602_show_string(0,1,"0123456789");//第二行显示
  25   1        while(1)
  26   1        {
  27   2          
  28   2        } 
  29   1      }


MODULE INFORMATION:   STATIC OVERLAYABLE
   CODE SIZE        =     30    ----
   CONSTANT SIZE    =     24    ----
   XDATA SIZE       =   ----    ----
   PDATA SIZE       =   ----    ----
   DATA SIZE        =   ----    ----
   IDATA SIZE       =   ----    ----
   BIT SIZE         =   ----    ----
END OF MODULE INFORMATION.


C51 COMPILATION COMPLETE.  0 WARNING(S),  0 ERROR(S)
